<?xml version="1.0" encoding="UTF-8"?>
<testng-results skipped="0" failed="1" ignored="0" total="1" passed="0">
  <reporter-output>
  </reporter-output>
  <suite name="Default suite" duration-ms="3818" started-at="2020-06-25T19:03:46 GMT+05:30" finished-at="2020-06-25T19:03:49 GMT+05:30">
    <groups>
    </groups>
    <test name="Default test" duration-ms="3818" started-at="2020-06-25T19:03:46 GMT+05:30" finished-at="2020-06-25T19:03:49 GMT+05:30">
      <class name="paytm.insider.api.PaytmMovieGETAPI">
        <test-method status="FAIL" signature="getMovieDetails()[pri:0, instance:paytm.insider.api.PaytmMovieGETAPI@711f39f9]" name="getMovieDetails" duration-ms="3771" started-at="2020-06-25T19:03:46 GMT+05:30" finished-at="2020-06-25T19:03:49 GMT+05:30">
          <exception class="java.text.ParseException">
            <message>
              <![CDATA[Unparseable date: " "]]>
            </message>
            <full-stacktrace>
              <![CDATA[java.text.ParseException: Unparseable date: " "
at java.text.DateFormat.parse(Unknown Source)
at paytm.insider.api.PaytmMovieGETAPI.getMovieDetails(PaytmMovieGETAPI.java:74)
at sun.reflect.NativeMethodAccessorImpl.invoke0(Native Method)
at sun.reflect.NativeMethodAccessorImpl.invoke(Unknown Source)
at sun.reflect.DelegatingMethodAccessorImpl.invoke(Unknown Source)
at java.lang.reflect.Method.invoke(Unknown Source)
at org.testng.internal.MethodInvocationHelper.invokeMethod(MethodInvocationHelper.java:134)
at org.testng.internal.TestInvoker.invokeMethod(TestInvoker.java:597)
at org.testng.internal.TestInvoker.invokeTestMethod(TestInvoker.java:173)
at org.testng.internal.MethodRunner.runInSequence(MethodRunner.java:46)
at org.testng.internal.TestInvoker$MethodInvocationAgent.invoke(TestInvoker.java:816)
at org.testng.internal.TestInvoker.invokeTestMethods(TestInvoker.java:146)
at org.testng.internal.TestMethodWorker.invokeTestMethods(TestMethodWorker.java:146)
at org.testng.internal.TestMethodWorker.run(TestMethodWorker.java:128)
at java.util.ArrayList.forEach(Unknown Source)
at org.testng.TestRunner.privateRun(TestRunner.java:766)
at org.testng.TestRunner.run(TestRunner.java:587)
at org.testng.SuiteRunner.runTest(SuiteRunner.java:384)
at org.testng.SuiteRunner.runSequentially(SuiteRunner.java:378)
at org.testng.SuiteRunner.privateRun(SuiteRunner.java:337)
at org.testng.SuiteRunner.run(SuiteRunner.java:286)
at org.testng.SuiteRunnerWorker.runSuite(SuiteRunnerWorker.java:53)
at org.testng.SuiteRunnerWorker.run(SuiteRunnerWorker.java:96)
at org.testng.TestNG.runSuitesSequentially(TestNG.java:1187)
at org.testng.TestNG.runSuitesLocally(TestNG.java:1109)
at org.testng.TestNG.runSuites(TestNG.java:1039)
at org.testng.TestNG.run(TestNG.java:1007)
at org.testng.remote.AbstractRemoteTestNG.run(AbstractRemoteTestNG.java:115)
at org.testng.remote.RemoteTestNG.initAndRun(RemoteTestNG.java:251)
at org.testng.remote.RemoteTestNG.main(RemoteTestNG.java:77)
]]>
            </full-stacktrace>
          </exception> <!-- java.text.ParseException -->
          <reporter-output>
          </reporter-output>
        </test-method> <!-- getMovieDetails -->
      </class> <!-- paytm.insider.api.PaytmMovieGETAPI -->
    </test> <!-- Default test -->
  </suite> <!-- Default suite -->
</testng-results>
